<?xml version="1.0" encoding="UTF-8"?>
<testsuite xmlns:xsi="http://www.w3.org/2001/XMLSchema-instance" xsi:schemaLocation="https://maven.apache.org/surefire/maven-surefire-plugin/xsd/surefire-test-report.xsd" name="com.sg.vendingmachine.service.VendingMachineServiceLayerImplTest" time="0.044" tests="9" errors="0" skipped="0" failures="0">
  <properties>
[...]
</properties>
  <testcase name="testAddDuplicateIdItem" classname="com.sg.vendingmachine.service.VendingMachineServiceLayerImplTest" time="0.019"/>
  <testcase name="testGetItemById" classname="com.sg.vendingmachine.service.VendingMachineServiceLayerImplTest" time="0.003"/>
  <testcase name="testVendItemValid" classname="com.sg.vendingmachine.service.VendingMachineServiceLayerImplTest" time="0.003"/>
  <testcase name="testAddValidItem" classname="com.sg.vendingmachine.service.VendingMachineServiceLayerImplTest" time="0.001"/>
  <testcase name="testGetItemsInStock" classname="com.sg.vendingmachine.service.VendingMachineServiceLayerImplTest" time="0.002"/>
  <testcase name="testRemoveItem" classname="com.sg.vendingmachine.service.VendingMachineServiceLayerImplTest" time="0"/>
  <testcase name="testVendItemNoInventory" classname="com.sg.vendingmachine.service.VendingMachineServiceLayerImplTest" time="0"/>
  <testcase name="testgetAllItems" classname="com.sg.vendingmachine.service.VendingMachineServiceLayerImplTest" time="0.001"/>
  <testcase name="testVendItemInsufficientFunds" classname="com.sg.vendingmachine.service.VendingMachineServiceLayerImplTest" time="0.004"/>
</testsuite>